<?xml version="1.0" encoding="UTF-8" ?>
<testsuite tests="32" failures="0" name="cz.muni.fi.pv168.agencymanager.manager.MissionManagerTest" time="1.233" errors="0" skipped="0">
  <properties>
    <property name="java.runtime.name" value="Java(TM) SE Runtime Environment"/>
    <property name="sun.boot.library.path" value="C:\Program Files\Java\jdk1.8.0_181\jre\bin"/>
    <property name="java.vm.version" value="25.181-b13"/>
    <property name="java.vm.vendor" value="Oracle Corporation"/>
    <property name="maven.multiModuleProjectDirectory" value="C:\Users\Jakub\Desktop\tmp\AgencyParent"/>
    <property name="java.vendor.url" value="http://java.oracle.com/"/>
    <property name="path.separator" value=";"/>
    <property name="guice.disable.misplaced.annotation.check" value="true"/>
    <property name="java.vm.name" value="Java HotSpot(TM) 64-Bit Server VM"/>
    <property name="file.encoding.pkg" value="sun.io"/>
    <property name="user.script" value=""/>
    <property name="user.country" value="GB"/>
    <property name="sun.java.launcher" value="SUN_STANDARD"/>
    <property name="sun.os.patch.level" value=""/>
    <property name="java.vm.specification.name" value="Java Virtual Machine Specification"/>
    <property name="user.dir" value="C:\Users\Jakub\Desktop\tmp\AgencyParent"/>
    <property name="java.runtime.version" value="1.8.0_181-b13"/>
    <property name="java.awt.graphicsenv" value="sun.awt.Win32GraphicsEnvironment"/>
    <property name="java.endorsed.dirs" value="C:\Program Files\Java\jdk1.8.0_181\jre\lib\endorsed"/>
    <property name="os.arch" value="amd64"/>
    <property name="java.io.tmpdir" value="C:\Users\Jakub\AppData\Local\Temp\"/>
    <property name="line.separator" value="
"/>
    <property name="java.vm.specification.vendor" value="Oracle Corporation"/>
    <property name="user.variant" value=""/>
    <property name="os.name" value="Windows 10"/>
    <property name="maven.ext.class.path" value="D:\Program Files (x86)\netbeans\java\maven-nblib\netbeans-eventspy.jar"/>
    <property name="classworlds.conf" value="D:\Program Files (x86)\netbeans\java\maven\bin\m2.conf"/>
    <property name="sun.jnu.encoding" value="Cp1250"/>
    <property name="java.library.path" value="C:\Program Files\Java\jdk1.8.0_181\bin;C:\WINDOWS\Sun\Java\bin;C:\WINDOWS\system32;C:\WINDOWS;C:\Program Files (x86)\Common Files\Oracle\Java\javapath;C:\ProgramData\Oracle\Java\javapath;C:\Program Files (x86)\Intel\iCLS Client\;C:\Program Files\Intel\iCLS Client\;C:\Windows\system32;C:\Windows;C:\Windows\System32\Wbem;C:\Windows\System32\WindowsPowerShell\v1.0\;C:\Program Files (x86)\Intel\Intel(R) Management Engine Components\DAL;C:\Program Files\Intel\Intel(R) Management Engine Components\DAL;C:\Program Files (x86)\Intel\Intel(R) Management Engine Components\IPT;C:\Program Files\Intel\Intel(R) Management Engine Components\IPT;C:\WINDOWS\system32;C:\WINDOWS;C:\WINDOWS\System32\Wbem;C:\WINDOWS\System32\WindowsPowerShell\v1.0\;C:\Program Files (x86)\NVIDIA Corporation\PhysX\Common;D:\Program Files\Git\cmd;D:\Program Files\PuTTY\;C:\WINDOWS\system32;C:\WINDOWS;C:\WINDOWS\System32\Wbem;C:\WINDOWS\System32\WindowsPowerShell\v1.0\;C:\WINDOWS\System32\OpenSSH\;C:\Program Files (x86)\ZeroTier\One\;C:\Program Files\LLVM\bin;C:\Program Files\NVIDIA Corporation\NVIDIA NvDLISR;C:\Users\Jakub\AppData\Local\Programs\Python\Python36-32\Scripts\;C:\Users\Jakub\AppData\Local\Programs\Python\Python36-32\;C:\Users\Jakub\AppData\Local\Microsoft\WindowsApps;D:\Program Files\Python\Python36-32;D:\Program Files\Python\Python36-32\Scripts;C:\Program Files\CMake\bin;C:\Users\Jakub\AppData\Roaming\Dashlane\6.1907.0.17833\bin\Firefox_Extension\{442718d9-475e-452a-b3e1-fb1ee16b8e9f}\components;C:\Users\Jakub\AppData\Roaming\Dashlane\6.1907.0.17833\ucrt;C:\Users\Jakub\AppData\Roaming\Dashlane\6.1907.0.17833\bin\Qt;C:\Users\Jakub\AppData\Roaming\Dashlane\6.1907.0.17833\bin\Ssl;."/>
    <property name="java.specification.name" value="Java Platform API Specification"/>
    <property name="java.class.version" value="52.0"/>
    <property name="sun.management.compiler" value="HotSpot 64-Bit Tiered Compilers"/>
    <property name="os.version" value="10.0"/>
    <property name="user.home" value="C:\Users\Jakub"/>
    <property name="user.timezone" value="Europe/Prague"/>
    <property name="java.awt.printerjob" value="sun.awt.windows.WPrinterJob"/>
    <property name="java.specification.version" value="1.8"/>
    <property name="file.encoding" value="UTF-8"/>
    <property name="user.name" value="Jakub"/>
    <property name="java.class.path" value="D:\Program Files (x86)\netbeans\java\maven\boot\plexus-classworlds-2.5.2.jar"/>
    <property name="java.vm.specification.version" value="1.8"/>
    <property name="sun.arch.data.model" value="64"/>
    <property name="java.home" value="C:\Program Files\Java\jdk1.8.0_181\jre"/>
    <property name="sun.java.command" value="org.codehaus.plexus.classworlds.launcher.Launcher -Dmaven.ext.class.path=D:\Program Files (x86)\netbeans\java\maven-nblib\netbeans-eventspy.jar -Dfile.encoding=UTF-8 clean install"/>
    <property name="java.specification.vendor" value="Oracle Corporation"/>
    <property name="user.language" value="en"/>
    <property name="awt.toolkit" value="sun.awt.windows.WToolkit"/>
    <property name="java.vm.info" value="mixed mode"/>
    <property name="java.version" value="1.8.0_181"/>
    <property name="java.ext.dirs" value="C:\Program Files\Java\jdk1.8.0_181\jre\lib\ext;C:\WINDOWS\Sun\Java\lib\ext"/>
    <property name="sun.boot.class.path" value="C:\Program Files\Java\jdk1.8.0_181\jre\lib\resources.jar;C:\Program Files\Java\jdk1.8.0_181\jre\lib\rt.jar;C:\Program Files\Java\jdk1.8.0_181\jre\lib\sunrsasign.jar;C:\Program Files\Java\jdk1.8.0_181\jre\lib\jsse.jar;C:\Program Files\Java\jdk1.8.0_181\jre\lib\jce.jar;C:\Program Files\Java\jdk1.8.0_181\jre\lib\charsets.jar;C:\Program Files\Java\jdk1.8.0_181\jre\lib\jfr.jar;C:\Program Files\Java\jdk1.8.0_181\jre\classes"/>
    <property name="java.vendor" value="Oracle Corporation"/>
    <property name="maven.home" value="D:\Program Files (x86)\netbeans\java\maven"/>
    <property name="file.separator" value="\"/>
    <property name="java.vendor.url.bug" value="http://bugreport.sun.com/bugreport/"/>
    <property name="sun.cpu.endian" value="little"/>
    <property name="sun.io.unicode.encoding" value="UnicodeLittle"/>
    <property name="sun.desktop" value="windows"/>
    <property name="sun.cpu.isalist" value="amd64"/>
  </properties>
  <testcase classname="cz.muni.fi.pv168.agencymanager.manager.MissionManagerTest" name="testCreateMissionWithId" time="0.033"/>
  <testcase classname="cz.muni.fi.pv168.agencymanager.manager.MissionManagerTest" name="testUpdateMissionDate" time="0.141"/>
  <testcase classname="cz.muni.fi.pv168.agencymanager.manager.MissionManagerTest" name="testFindAllMissionsEmpty" time="0.04"/>
  <testcase classname="cz.muni.fi.pv168.agencymanager.manager.MissionManagerTest" name="testFindAllMissionsAllAndSame" time="0.04"/>
  <testcase classname="cz.muni.fi.pv168.agencymanager.manager.MissionManagerTest" name="testCreateMissionNotScheduledYesterday" time="0.026"/>
  <testcase classname="cz.muni.fi.pv168.agencymanager.manager.MissionManagerTest" name="testCreateMissionNullMission" time="0.024"/>
  <testcase classname="cz.muni.fi.pv168.agencymanager.manager.MissionManagerTest" name="testCreateMissionNullStatus" time="0.034"/>
  <testcase classname="cz.muni.fi.pv168.agencymanager.manager.MissionManagerTest" name="testCreateMissionNullDate" time="0.032"/>
  <testcase classname="cz.muni.fi.pv168.agencymanager.manager.MissionManagerTest" name="testCreateMissionNullName" time="0.031"/>
  <testcase classname="cz.muni.fi.pv168.agencymanager.manager.MissionManagerTest" name="testUpdateMissionNullAgentId" time="0.037"/>
  <testcase classname="cz.muni.fi.pv168.agencymanager.manager.MissionManagerTest" name="testCreateMissionScheduledTomorrow" time="0.034"/>
  <testcase classname="cz.muni.fi.pv168.agencymanager.manager.MissionManagerTest" name="testCreateMissionNotScheduledInPast" time="0.035"/>
  <testcase classname="cz.muni.fi.pv168.agencymanager.manager.MissionManagerTest" name="testFindMissionByIdNullId" time="0.019"/>
  <testcase classname="cz.muni.fi.pv168.agencymanager.manager.MissionManagerTest" name="testUpdateMissionNullStatus" time="0.073"/>
  <testcase classname="cz.muni.fi.pv168.agencymanager.manager.MissionManagerTest" name="testUpdateMissionAgentId" time="0.069"/>
  <testcase classname="cz.muni.fi.pv168.agencymanager.manager.MissionManagerTest" name="testUpdateMissionScheduledYesterday" time="0.034"/>
  <testcase classname="cz.muni.fi.pv168.agencymanager.manager.MissionManagerTest" name="testCreateMissionScheduledInFuture" time="0.023"/>
  <testcase classname="cz.muni.fi.pv168.agencymanager.manager.MissionManagerTest" name="testUpdateMissionLocation" time="0.045"/>
  <testcase classname="cz.muni.fi.pv168.agencymanager.manager.MissionManagerTest" name="testCreateMissionCreatesCopy" time="0.034"/>
  <testcase classname="cz.muni.fi.pv168.agencymanager.manager.MissionManagerTest" name="testUpdateMissionNullDate" time="0.046"/>
  <testcase classname="cz.muni.fi.pv168.agencymanager.manager.MissionManagerTest" name="testUpdateMissionNullName" time="0.032"/>
  <testcase classname="cz.muni.fi.pv168.agencymanager.manager.MissionManagerTest" name="testCreateMissionGotId" time="0.022"/>
  <testcase classname="cz.muni.fi.pv168.agencymanager.manager.MissionManagerTest" name="testUpdateMissionStatus" time="0.046"/>
  <testcase classname="cz.muni.fi.pv168.agencymanager.manager.MissionManagerTest" name="testFindMissionByIdReturnRightOne" time="0.039"/>
  <testcase classname="cz.muni.fi.pv168.agencymanager.manager.MissionManagerTest" name="testCreateMissionNullAgentId" time="0.022"/>
  <testcase classname="cz.muni.fi.pv168.agencymanager.manager.MissionManagerTest" name="testCreateMissionNullLocation" time="0.02"/>
  <testcase classname="cz.muni.fi.pv168.agencymanager.manager.MissionManagerTest" name="testUpdateMissionCodeName" time="0.051"/>
  <testcase classname="cz.muni.fi.pv168.agencymanager.manager.MissionManagerTest" name="testUpdateMissionNullLocation" time="0.037"/>
  <testcase classname="cz.muni.fi.pv168.agencymanager.manager.MissionManagerTest" name="testUpdateMissionNullMission" time="0.026"/>
  <testcase classname="cz.muni.fi.pv168.agencymanager.manager.MissionManagerTest" name="testUpdateMissionNotScheduledTomorrow" time="0.025"/>
  <testcase classname="cz.muni.fi.pv168.agencymanager.manager.MissionManagerTest" name="testUpdateMissionNotCreated" time="0.035"/>
  <testcase classname="cz.muni.fi.pv168.agencymanager.manager.MissionManagerTest" name="testFindMissionByIdWrongId" time="0.028"/>
</testsuite>